<?xml version="1.0" encoding="UTF-8"?>
<coverage generated="1657632574976" clover="3.2.0">
  <project timestamp="1657632574976" name="All files">
    <metrics statements="12" coveredstatements="12" conditionals="8" coveredconditionals="8" methods="1" coveredmethods="1" elements="21" coveredelements="21" complexity="0" loc="12" ncloc="12" packages="1" files="1" classes="1"/>
    <file name="functions.cjs" path="/Users/victorvargas/Projects/2022/JobTest/VisualNuts/functions.cjs">
      <metrics statements="12" coveredstatements="12" conditionals="8" coveredconditionals="8" methods="1" coveredmethods="1"/>
      <line num="7" count="1" type="stmt"/>
      <line num="8" count="4" type="stmt"/>
      <line num="9" count="4" type="stmt"/>
      <line num="10" count="400" type="cond" truecount="4" falsecount="0"/>
      <line num="11" count="24" type="stmt"/>
      <line num="15" count="376" type="cond" truecount="2" falsecount="0"/>
      <line num="16" count="108" type="stmt"/>
      <line num="20" count="268" type="cond" truecount="2" falsecount="0"/>
      <line num="21" count="56" type="stmt"/>
      <line num="26" count="212" type="stmt"/>
      <line num="32" count="4" type="stmt"/>
      <line num="36" count="1" type="stmt"/>
    </file>
  </project>
</coverage>
