{"/Users/victorvargas/Projects/2022/JobTest/VisualNuts/functions.cjs": {"path":"/Users/victorvargas/Projects/2022/JobTest/VisualNuts/functions.cjs","statementMap":{"0":{"start":{"line":7,"column":15},"end":{"line":33,"column":1}},"1":{"start":{"line":8,"column":20},"end":{"line":8,"column":22}},"2":{"start":{"line":9,"column":4},"end":{"line":31,"column":5}},"3":{"start":{"line":9,"column":14},"end":{"line":9,"column":15}},"4":{"start":{"line":10,"column":8},"end":{"line":30,"column":9}},"5":{"start":{"line":11,"column":12},"end":{"line":14,"column":14}},"6":{"start":{"line":15,"column":15},"end":{"line":30,"column":9}},"7":{"start":{"line":16,"column":12},"end":{"line":19,"column":14}},"8":{"start":{"line":20,"column":15},"end":{"line":30,"column":9}},"9":{"start":{"line":21,"column":12},"end":{"line":24,"column":14}},"10":{"start":{"line":26,"column":12},"end":{"line":29,"column":14}},"11":{"start":{"line":32,"column":4},"end":{"line":32,"column":19}},"12":{"start":{"line":40,"column":24},"end":{"line":42,"column":1}},"13":{"start":{"line":41,"column":4},"end":{"line":41,"column":23}},"14":{"start":{"line":49,"column":27},"end":{"line":68,"column":1}},"15":{"start":{"line":50,"column":4},"end":{"line":67,"column":5}},"16":{"start":{"line":51,"column":43},"end":{"line":51,"column":47}},"17":{"start":{"line":52,"column":8},"end":{"line":60,"column":11}},"18":{"start":{"line":53,"column":12},"end":{"line":59,"column":13}},"19":{"start":{"line":54,"column":16},"end":{"line":58,"column":17}},"20":{"start":{"line":55,"column":20},"end":{"line":55,"column":56}},"21":{"start":{"line":56,"column":23},"end":{"line":58,"column":17}},"22":{"start":{"line":57,"column":20},"end":{"line":57,"column":56}},"23":{"start":{"line":61,"column":8},"end":{"line":64,"column":10}},"24":{"start":{"line":66,"column":8},"end":{"line":66,"column":20}},"25":{"start":{"line":74,"column":35},"end":{"line":88,"column":1}},"26":{"start":{"line":75,"column":4},"end":{"line":87,"column":5}},"27":{"start":{"line":76,"column":46},"end":{"line":76,"column":50}},"28":{"start":{"line":77,"column":8},"end":{"line":83,"column":11}},"29":{"start":{"line":78,"column":12},"end":{"line":82,"column":13}},"30":{"start":{"line":79,"column":16},"end":{"line":79,"column":55}},"31":{"start":{"line":80,"column":19},"end":{"line":82,"column":13}},"32":{"start":{"line":81,"column":16},"end":{"line":81,"column":55}},"33":{"start":{"line":84,"column":8},"end":{"line":84,"column":47}},"34":{"start":{"line":86,"column":8},"end":{"line":86,"column":20}},"35":{"start":{"line":94,"column":36},"end":{"line":126,"column":1}},"36":{"start":{"line":95,"column":4},"end":{"line":125,"column":5}},"37":{"start":{"line":96,"column":26},"end":{"line":96,"column":28}},"38":{"start":{"line":97,"column":8},"end":{"line":101,"column":11}},"39":{"start":{"line":98,"column":12},"end":{"line":100,"column":14}},"40":{"start":{"line":99,"column":16},"end":{"line":99,"column":36}},"41":{"start":{"line":103,"column":23},"end":{"line":103,"column":25}},"42":{"start":{"line":104,"column":22},"end":{"line":104,"column":24}},"43":{"start":{"line":105,"column":8},"end":{"line":111,"column":11}},"44":{"start":{"line":106,"column":12},"end":{"line":106,"column":53}},"45":{"start":{"line":107,"column":12},"end":{"line":110,"column":14}},"46":{"start":{"line":113,"column":35},"end":{"line":113,"column":39}},"47":{"start":{"line":114,"column":8},"end":{"line":120,"column":10}},"48":{"start":{"line":115,"column":12},"end":{"line":119,"column":13}},"49":{"start":{"line":116,"column":16},"end":{"line":116,"column":43}},"50":{"start":{"line":117,"column":19},"end":{"line":119,"column":13}},"51":{"start":{"line":118,"column":16},"end":{"line":118,"column":43}},"52":{"start":{"line":122,"column":8},"end":{"line":122,"column":41}},"53":{"start":{"line":124,"column":8},"end":{"line":124,"column":20}},"54":{"start":{"line":129,"column":0},"end":{"line":129,"column":26}},"55":{"start":{"line":130,"column":0},"end":{"line":130,"column":44}},"56":{"start":{"line":131,"column":0},"end":{"line":131,"column":52}},"57":{"start":{"line":132,"column":0},"end":{"line":132,"column":68}},"58":{"start":{"line":133,"column":0},"end":{"line":133,"column":70}}},"fnMap":{"0":{"name":"(anonymous_0)","decl":{"start":{"line":7,"column":15},"end":{"line":7,"column":16}},"loc":{"start":{"line":7,"column":21},"end":{"line":33,"column":1}},"line":7},"1":{"name":"(anonymous_1)","decl":{"start":{"line":40,"column":24},"end":{"line":40,"column":25}},"loc":{"start":{"line":40,"column":34},"end":{"line":42,"column":1}},"line":40},"2":{"name":"(anonymous_2)","decl":{"start":{"line":49,"column":27},"end":{"line":49,"column":28}},"loc":{"start":{"line":49,"column":36},"end":{"line":68,"column":1}},"line":49},"3":{"name":"(anonymous_3)","decl":{"start":{"line":52,"column":21},"end":{"line":52,"column":22}},"loc":{"start":{"line":52,"column":28},"end":{"line":60,"column":9}},"line":52},"4":{"name":"(anonymous_4)","decl":{"start":{"line":74,"column":35},"end":{"line":74,"column":36}},"loc":{"start":{"line":74,"column":44},"end":{"line":88,"column":1}},"line":74},"5":{"name":"(anonymous_5)","decl":{"start":{"line":77,"column":21},"end":{"line":77,"column":22}},"loc":{"start":{"line":77,"column":28},"end":{"line":83,"column":9}},"line":77},"6":{"name":"(anonymous_6)","decl":{"start":{"line":94,"column":36},"end":{"line":94,"column":37}},"loc":{"start":{"line":94,"column":45},"end":{"line":126,"column":1}},"line":94},"7":{"name":"(anonymous_7)","decl":{"start":{"line":97,"column":21},"end":{"line":97,"column":22}},"loc":{"start":{"line":97,"column":31},"end":{"line":101,"column":9}},"line":97},"8":{"name":"(anonymous_8)","decl":{"start":{"line":98,"column":35},"end":{"line":98,"column":36}},"loc":{"start":{"line":98,"column":42},"end":{"line":100,"column":13}},"line":98},"9":{"name":"(anonymous_9)","decl":{"start":{"line":105,"column":26},"end":{"line":105,"column":27}},"loc":{"start":{"line":105,"column":37},"end":{"line":111,"column":9}},"line":105},"10":{"name":"(anonymous_10)","decl":{"start":{"line":114,"column":22},"end":{"line":114,"column":23}},"loc":{"start":{"line":114,"column":29},"end":{"line":120,"column":9}},"line":114}},"branchMap":{"0":{"loc":{"start":{"line":10,"column":8},"end":{"line":30,"column":9}},"type":"if","locations":[{"start":{"line":10,"column":8},"end":{"line":30,"column":9}},{"start":{"line":15,"column":15},"end":{"line":30,"column":9}}],"line":10},"1":{"loc":{"start":{"line":10,"column":11},"end":{"line":10,"column":31}},"type":"binary-expr","locations":[{"start":{"line":10,"column":11},"end":{"line":10,"column":19}},{"start":{"line":10,"column":23},"end":{"line":10,"column":31}}],"line":10},"2":{"loc":{"start":{"line":15,"column":15},"end":{"line":30,"column":9}},"type":"if","locations":[{"start":{"line":15,"column":15},"end":{"line":30,"column":9}},{"start":{"line":20,"column":15},"end":{"line":30,"column":9}}],"line":15},"3":{"loc":{"start":{"line":20,"column":15},"end":{"line":30,"column":9}},"type":"if","locations":[{"start":{"line":20,"column":15},"end":{"line":30,"column":9}},{"start":{"line":25,"column":15},"end":{"line":30,"column":9}}],"line":20},"4":{"loc":{"start":{"line":50,"column":4},"end":{"line":67,"column":5}},"type":"if","locations":[{"start":{"line":50,"column":4},"end":{"line":67,"column":5}},{"start":{"line":65,"column":11},"end":{"line":67,"column":5}}],"line":50},"5":{"loc":{"start":{"line":53,"column":12},"end":{"line":59,"column":13}},"type":"if","locations":[{"start":{"line":53,"column":12},"end":{"line":59,"column":13}},{"start":{},"end":{}}],"line":53},"6":{"loc":{"start":{"line":54,"column":16},"end":{"line":58,"column":17}},"type":"if","locations":[{"start":{"line":54,"column":16},"end":{"line":58,"column":17}},{"start":{"line":56,"column":23},"end":{"line":58,"column":17}}],"line":54},"7":{"loc":{"start":{"line":56,"column":23},"end":{"line":58,"column":17}},"type":"if","locations":[{"start":{"line":56,"column":23},"end":{"line":58,"column":17}},{"start":{},"end":{}}],"line":56},"8":{"loc":{"start":{"line":75,"column":4},"end":{"line":87,"column":5}},"type":"if","locations":[{"start":{"line":75,"column":4},"end":{"line":87,"column":5}},{"start":{"line":85,"column":11},"end":{"line":87,"column":5}}],"line":75},"9":{"loc":{"start":{"line":78,"column":12},"end":{"line":82,"column":13}},"type":"if","locations":[{"start":{"line":78,"column":12},"end":{"line":82,"column":13}},{"start":{"line":80,"column":19},"end":{"line":82,"column":13}}],"line":78},"10":{"loc":{"start":{"line":80,"column":19},"end":{"line":82,"column":13}},"type":"if","locations":[{"start":{"line":80,"column":19},"end":{"line":82,"column":13}},{"start":{},"end":{}}],"line":80},"11":{"loc":{"start":{"line":95,"column":4},"end":{"line":125,"column":5}},"type":"if","locations":[{"start":{"line":95,"column":4},"end":{"line":125,"column":5}},{"start":{"line":123,"column":11},"end":{"line":125,"column":5}}],"line":95},"12":{"loc":{"start":{"line":106,"column":29},"end":{"line":106,"column":47}},"type":"binary-expr","locations":[{"start":{"line":106,"column":29},"end":{"line":106,"column":42}},{"start":{"line":106,"column":46},"end":{"line":106,"column":47}}],"line":106},"13":{"loc":{"start":{"line":115,"column":12},"end":{"line":119,"column":13}},"type":"if","locations":[{"start":{"line":115,"column":12},"end":{"line":119,"column":13}},{"start":{"line":117,"column":19},"end":{"line":119,"column":13}}],"line":115},"14":{"loc":{"start":{"line":117,"column":19},"end":{"line":119,"column":13}},"type":"if","locations":[{"start":{"line":117,"column":19},"end":{"line":119,"column":13}},{"start":{},"end":{}}],"line":117}},"s":{"0":2,"1":4,"2":4,"3":4,"4":400,"5":24,"6":376,"7":108,"8":268,"9":56,"10":212,"11":4,"12":2,"13":8,"14":2,"15":3,"16":2,"17":2,"18":10,"19":4,"20":2,"21":2,"22":1,"23":2,"24":1,"25":2,"26":2,"27":1,"28":1,"29":5,"30":1,"31":4,"32":1,"33":1,"34":1,"35":2,"36":2,"37":1,"38":1,"39":5,"40":7,"41":1,"42":1,"43":1,"44":7,"45":7,"46":1,"47":1,"48":7,"49":1,"50":6,"51":1,"52":1,"53":1,"54":2,"55":2,"56":2,"57":2,"58":2},"f":{"0":4,"1":8,"2":3,"3":10,"4":2,"5":5,"6":2,"7":5,"8":7,"9":7,"10":7},"b":{"0":[24,376],"1":[400,132],"2":[108,268],"3":[56,212],"4":[2,1],"5":[4,6],"6":[2,2],"7":[1,1],"8":[1,1],"9":[1,4],"10":[1,3],"11":[1,1],"12":[7,5],"13":[1,6],"14":[1,5]},"inputSourceMap":null,"_coverageSchema":"1a1c01bbd47fc00a2c39e90264f33305004495a9","hash":"78e3dec7d5aee51d2e7f873e401b2cd2df82680d"}
}
