{"/Users/victorvargas/Projects/2022/JobTest/VisualNuts/functions.cjs": {"path":"/Users/victorvargas/Projects/2022/JobTest/VisualNuts/functions.cjs","statementMap":{"0":{"start":{"line":7,"column":15},"end":{"line":33,"column":1}},"1":{"start":{"line":8,"column":20},"end":{"line":8,"column":22}},"2":{"start":{"line":9,"column":4},"end":{"line":31,"column":5}},"3":{"start":{"line":9,"column":14},"end":{"line":9,"column":15}},"4":{"start":{"line":10,"column":8},"end":{"line":30,"column":9}},"5":{"start":{"line":11,"column":12},"end":{"line":14,"column":14}},"6":{"start":{"line":15,"column":15},"end":{"line":30,"column":9}},"7":{"start":{"line":16,"column":12},"end":{"line":19,"column":14}},"8":{"start":{"line":20,"column":15},"end":{"line":30,"column":9}},"9":{"start":{"line":21,"column":12},"end":{"line":24,"column":14}},"10":{"start":{"line":26,"column":12},"end":{"line":29,"column":14}},"11":{"start":{"line":32,"column":4},"end":{"line":32,"column":19}},"12":{"start":{"line":36,"column":0},"end":{"line":36,"column":25}}},"fnMap":{"0":{"name":"(anonymous_0)","decl":{"start":{"line":7,"column":15},"end":{"line":7,"column":16}},"loc":{"start":{"line":7,"column":21},"end":{"line":33,"column":1}},"line":7}},"branchMap":{"0":{"loc":{"start":{"line":10,"column":8},"end":{"line":30,"column":9}},"type":"if","locations":[{"start":{"line":10,"column":8},"end":{"line":30,"column":9}},{"start":{"line":15,"column":15},"end":{"line":30,"column":9}}],"line":10},"1":{"loc":{"start":{"line":10,"column":11},"end":{"line":10,"column":31}},"type":"binary-expr","locations":[{"start":{"line":10,"column":11},"end":{"line":10,"column":19}},{"start":{"line":10,"column":23},"end":{"line":10,"column":31}}],"line":10},"2":{"loc":{"start":{"line":15,"column":15},"end":{"line":30,"column":9}},"type":"if","locations":[{"start":{"line":15,"column":15},"end":{"line":30,"column":9}},{"start":{"line":20,"column":15},"end":{"line":30,"column":9}}],"line":15},"3":{"loc":{"start":{"line":20,"column":15},"end":{"line":30,"column":9}},"type":"if","locations":[{"start":{"line":20,"column":15},"end":{"line":30,"column":9}},{"start":{"line":25,"column":15},"end":{"line":30,"column":9}}],"line":20}},"s":{"0":1,"1":4,"2":4,"3":4,"4":400,"5":24,"6":376,"7":108,"8":268,"9":56,"10":212,"11":4,"12":1},"f":{"0":4},"b":{"0":[24,376],"1":[400,132],"2":[108,268],"3":[56,212]},"inputSourceMap":null,"_coverageSchema":"1a1c01bbd47fc00a2c39e90264f33305004495a9","hash":"d7b26bf4ef160c6e87dd3e6f0b4e97d69fff1443"}
}
