TN:
SF:functions.cjs
FN:7,(anonymous_0)
FN:40,(anonymous_1)
FN:49,(anonymous_2)
FN:52,(anonymous_3)
FN:74,(anonymous_4)
FN:77,(anonymous_5)
FN:94,(anonymous_6)
FN:97,(anonymous_7)
FN:98,(anonymous_8)
FN:105,(anonymous_9)
FN:114,(anonymous_10)
FNF:11
FNH:11
FNDA:4,(anonymous_0)
FNDA:8,(anonymous_1)
FNDA:3,(anonymous_2)
FNDA:10,(anonymous_3)
FNDA:2,(anonymous_4)
FNDA:5,(anonymous_5)
FNDA:2,(anonymous_6)
FNDA:5,(anonymous_7)
FNDA:7,(anonymous_8)
FNDA:7,(anonymous_9)
FNDA:7,(anonymous_10)
DA:7,2
DA:8,4
DA:9,4
DA:10,400
DA:11,24
DA:15,376
DA:16,108
DA:20,268
DA:21,56
DA:26,212
DA:32,4
DA:40,2
DA:41,8
DA:49,2
DA:50,3
DA:51,2
DA:52,2
DA:53,10
DA:54,4
DA:55,2
DA:56,2
DA:57,1
DA:61,2
DA:66,1
DA:74,2
DA:75,2
DA:76,1
DA:77,1
DA:78,5
DA:79,1
DA:80,4
DA:81,1
DA:84,1
DA:86,1
DA:94,2
DA:95,2
DA:96,1
DA:97,1
DA:98,5
DA:99,7
DA:103,1
DA:104,1
DA:105,1
DA:106,7
DA:107,7
DA:113,1
DA:114,1
DA:115,7
DA:116,1
DA:117,6
DA:118,1
DA:122,1
DA:124,1
DA:129,2
DA:130,2
DA:131,2
DA:132,2
DA:133,2
LF:58
LH:58
BRDA:10,0,0,24
BRDA:10,0,1,376
BRDA:10,1,0,400
BRDA:10,1,1,132
BRDA:15,2,0,108
BRDA:15,2,1,268
BRDA:20,3,0,56
BRDA:20,3,1,212
BRDA:50,4,0,2
BRDA:50,4,1,1
BRDA:53,5,0,4
BRDA:53,5,1,6
BRDA:54,6,0,2
BRDA:54,6,1,2
BRDA:56,7,0,1
BRDA:56,7,1,1
BRDA:75,8,0,1
BRDA:75,8,1,1
BRDA:78,9,0,1
BRDA:78,9,1,4
BRDA:80,10,0,1
BRDA:80,10,1,3
BRDA:95,11,0,1
BRDA:95,11,1,1
BRDA:106,12,0,7
BRDA:106,12,1,5
BRDA:115,13,0,1
BRDA:115,13,1,6
BRDA:117,14,0,1
BRDA:117,14,1,5
BRF:30
BRH:30
end_of_record
